
/home/runner/work/exp-tensile-strength-dei/exp-tensile-strength-dei/experiment/simulation/Script10.js
  108:10  error  Parsing error: Identifier 'myStopFunction' has already been declared

/home/runner/work/exp-tensile-strength-dei/exp-tensile-strength-dei/experiment/simulation/Script11.js
  1:10  warning  'show' is defined but never used  no-unused-vars

/home/runner/work/exp-tensile-strength-dei/exp-tensile-strength-dei/experiment/simulation/Script4.js
  17:5   warning  'myTimeout' is not defined         no-undef
  43:10  warning  'tunnu' is defined but never used  no-unused-vars
  55:9   warning  'myTimeout3' is not defined        no-undef
  79:18  warning  'myTimeout' is not defined         no-undef
  90:18  warning  'myTimeout3' is not defined        no-undef

/home/runner/work/exp-tensile-strength-dei/exp-tensile-strength-dei/experiment/simulation/Script5.js
  13:5   warning  'myTimeout' is not defined   no-undef
  23:5   warning  'myTimeout4' is not defined  no-undef
  33:18  warning  'myTimeout' is not defined   no-undef
  44:18  warning  'myTimeout4' is not defined  no-undef

/home/runner/work/exp-tensile-strength-dei/exp-tensile-strength-dei/experiment/simulation/Script6.js
  13:5   warning  'myTimeout' is not defined   no-undef
  23:5   warning  'myTimeout2' is not defined  no-undef
  33:18  warning  'myTimeout' is not defined   no-undef
  44:18  warning  'myTimeout2' is not defined  no-undef

/home/runner/work/exp-tensile-strength-dei/exp-tensile-strength-dei/experiment/simulation/Script7.js
  13:5   warning  'myTimeout' is not defined   no-undef
  23:5   warning  'myTimeout1' is not defined  no-undef
  33:18  warning  'myTimeout' is not defined   no-undef
  44:18  warning  'myTimeout1' is not defined  no-undef

/home/runner/work/exp-tensile-strength-dei/exp-tensile-strength-dei/experiment/simulation/Script8.js
  70:12  error  Parsing error: Identifier 'myStopFunction' has already been declared

/home/runner/work/exp-tensile-strength-dei/exp-tensile-strength-dei/experiment/simulation/Script9.js
  129:10  error  Parsing error: Identifier 'myStopFunction' has already been declared

/home/runner/work/exp-tensile-strength-dei/exp-tensile-strength-dei/experiment/simulation/script1.js
   64:5   warning  'myTimeout2' is not defined  no-undef
  101:18  warning  'myTimeout2' is not defined  no-undef

/home/runner/work/exp-tensile-strength-dei/exp-tensile-strength-dei/experiment/simulation/script2.js
  28:10  warning  'tunnu' is defined but never used  no-unused-vars

/home/runner/work/exp-tensile-strength-dei/exp-tensile-strength-dei/experiment/simulation/script3.js
   9:5   warning  'myTimeout' is not defined   no-undef
  10:5   warning  'myTimeout1' is not defined  no-undef
  11:5   warning  'myTimeout2' is not defined  no-undef
  19:18  warning  'myTimeout' is not defined   no-undef
  28:18  warning  'myTimeout1' is not defined  no-undef
  39:18  warning  'myTimeout2' is not defined  no-undef

✖ 30 problems (3 errors, 27 warnings)

